{"meta": {"format": 3, "version": "7.13.0", "timestamp": "2026-07-25T17:03:15.577030", "branch_coverage": true, "show_contexts": false}, "files": {"src/arlogi/__init__.py": {"executed_lines": [1, 2, 12, 13, 14, 16], "summary": {"covered_lines": 6, "num_statements": 6, "percent_covered": 100.0, "percent_covered_display": "100", "missing_lines": 0, "excluded_lines": 0, "percent_statements_covered": 100.0, "percent_statements_covered_display": "100", "num_branches": 0, "num_partial_branches": 0, "covered_branches": 0, "missing_branches": 0, "percent_branches_covered": 100.0, "percent_branches_covered_display": "100"}, "missing_lines": [], "excluded_lines": [], "executed_branches": [], "missing_branches": [], "functions": {"": {"executed_lines": [1, 2, 12, 13, 14, 16], "summary": {"covered_lines": 6, "num_statements": 6, "percent_covered": 100.0, "percent_covered_display": "100", "missing_lines": 0, "excluded_lines": 0, "percent_statements_covered": 100.0, "percent_statements_covered_display": "100", "num_branches": 0, "num_partial_branches": 0, "covered_branches": 0, "missing_branches": 0, "percent_branches_covered": 100.0, "percent_branches_covered_display": "100"}, "missing_lines": [], "excluded_lines": [], "executed_branches": [], "missing_branches": []}}, "classes": {"": {"executed_lines": [1, 2, 12, 13, 14, 16], "summary": {"covered_lines": 6, "num_statements": 6, "percent_covered": 100.0, "percent_covered_display": "100", "missing_lines": 0, "excluded_lines": 0, "percent_statements_covered": 100.0, "percent_statements_covered_display": "100", "num_branches": 0, "num_partial_branches": 0, "covered_branches": 0, "missing_branches": 0, "percent_branches_covered": 100.0, "percent_branches_covered_display": "100"}, "missing_lines": [], "excluded_lines": [], "executed_branches": [], "missing_branches": []}}}, "src/arlogi/config.py": {"executed_lines": [1, 7, 8, 9, 10, 11, 13, 16, 17, 18, 34, 35, 36, 37, 38, 39, 40, 41, 42, 43, 44, 46, 49, 52, 53, 54, 55, 56, 59, 60, 61, 62, 68, 69, 71, 72, 81, 83, 84, 86, 87, 88, 89, 90, 91, 92, 94, 95, 101, 102, 103, 105, 106, 112, 114, 115, 121, 123, 133, 134, 136, 137, 139, 140, 142, 144, 150, 164, 165, 185, 200, 201, 202, 207, 210, 219, 222, 231], "summary": {"covered_lines": 76, "num_statements": 76, "percent_covered": 100.0, "percent_covered_display": "100", "missing_lines": 0, "excluded_lines": 0, "percent_statements_covered": 100.0, "percent_statements_covered_display": "100", "num_branches": 26, "num_partial_branches": 0, "covered_branches": 26, "missing_branches": 0, "percent_branches_covered": 100.0, "percent_branches_covered_display": "100"}, "missing_lines": [], "excluded_lines": [], "executed_branches": [[52, 53], [52, 59], [53, 54], [53, 59], [54, 55], [54, 56], [59, 60], [59, 68], [61, 62], [61, 68], [68, -46], [68, 69], [81, 83], [81, 91], [83, 84], [83, 86], [91, -71], [91, 92], [101, 102], [101, 103], [133, 134], [133, 142], [136, 137], [136, 140], [201, 202], [201, 207]], "missing_branches": [], "functions": {"LoggingConfig.__post_init__": {"executed_lines": [49, 52, 53, 54, 55, 56, 59, 60, 61, 62, 68, 69], "summary": {"covered_lines": 12, "num_statements": 12, "percent_covered": 100.0, "percent_covered_display": "100", "missing_lines": 0, "excluded_lines": 0, "percent_statements_covered": 100.0, "percent_statements_covered_display": "100", "num_branches": 12, "num_partial_branches": 0, "covered_branches": 12, "missing_branches": 0, "percent_branches_covered": 100.0, "percent_branches_covered_display": "100"}, "missing_lines": [], "excluded_lines": [], "executed_branches": [[52, 53], [52, 59], [53, 54], [53, 59], [54, 55], [54, 56], [59, 60], [59, 68], [61, 62], [61, 68], [68, -46], [68, 69]], "missing_branches": []}, "LoggingConfig._validate_level": {"executed_lines": [81, 83, 84, 86, 87, 88, 89, 90, 91, 92], "summary": {"covered_lines": 10, "num_statements": 10, "percent_covered": 100.0, "percent_covered_display": "100", "missing_lines": 0, "excluded_lines": 0, "percent_statements_covered": 100.0, "percent_statements_covered_display": "100", "num_branches": 6, "num_partial_branches": 0, "covered_branches": 6, "missing_branches": 0, "percent_branches_covered": 100.0, "percent_branches_covered_display": "100"}, "missing_lines": [], "excluded_lines": [], "executed_branches": [[81, 83], [81, 91], [83, 84], [83, 86], [91, -71], [91, 92]], "missing_branches": []}, "LoggingConfig.resolved_level": {"executed_lines": [101, 102, 103], "summary": {"covered_lines": 3, "num_statements": 3, "percent_covered": 100.0, "percent_covered_display": "100", "missing_lines": 0, "excluded_lines": 0, "percent_statements_covered": 100.0, "percent_statements_covered_display": "100", "num_branches": 2, "num_partial_branches": 0, "covered_branches": 2, "missing_branches": 0, "percent_branches_covered": 100.0, "percent_branches_covered_display": "100"}, "missing_lines": [], "excluded_lines": [], "executed_branches": [[101, 102], [101, 103]], "missing_branches": []}, "LoggingConfig.show_console": {"executed_lines": [112], "summary": {"covered_lines": 1, "num_statements": 1, "percent_covered": 100.0, "percent_covered_display": "100", "missing_lines": 0, "excluded_lines": 0, "percent_statements_covered": 100.0, "percent_statements_covered_display": "100", "num_branches": 0, "num_partial_branches": 0, "covered_branches": 0, "missing_branches": 0, "percent_branches_covered": 100.0, "percent_branches_covered_display": "100"}, "missing_lines": [], "excluded_lines": [], "executed_branches": [], "missing_branches": []}, "LoggingConfig.has_json_output": {"executed_lines": [121], "summary": {"covered_lines": 1, "num_statements": 1, "percent_covered": 100.0, "percent_covered_display": "100", "missing_lines": 0, "excluded_lines": 0, "percent_statements_covered": 100.0, "percent_statements_covered_display": "100", "num_branches": 0, "num_partial_branches": 0, "covered_branches": 0, "missing_branches": 0, "percent_branches_covered": 100.0, "percent_branches_covered_display": "100"}, "missing_lines": [], "excluded_lines": [], "executed_branches": [], "missing_branches": []}, "LoggingConfig.resolve_module_level": {"executed_lines": [133, 134, 136, 137, 139, 140, 142], "summary": {"covered_lines": 7, "num_statements": 7, "percent_covered": 100.0, "percent_covered_display": "100", "missing_lines": 0, "excluded_lines": 0, "percent_statements_covered": 100.0, "percent_statements_covered_display": "100", "num_branches": 4, "num_partial_branches": 0, "covered_branches": 4, "missing_branches": 0, "percent_branches_covered": 100.0, "percent_branches_covered_display": "100"}, "missing_lines": [], "excluded_lines": [], "executed_branches": [[133, 134], [133, 142], [136, 137], [136, 140]], "missing_branches": []}, "LoggingConfig.to_dict": {"executed_lines": [150], "summary": {"covered_lines": 1, "num_statements": 1, "percent_covered": 100.0, "percent_covered_display": "100", "missing_lines": 0, "excluded_lines": 0, "percent_statements_covered": 100.0, "percent_statements_covered_display": "100", "num_branches": 0, "num_partial_branches": 0, "covered_branches": 0, "missing_branches": 0, "percent_branches_covered": 100.0, "percent_branches_covered_display": "100"}, "missing_lines": [], "excluded_lines": [], "executed_branches": [], "missing_branches": []}, "LoggingConfig.from_kwargs": {"executed_lines": [185, 200, 201, 202, 207], "summary": {"covered_lines": 5, "num_statements": 5, "percent_covered": 100.0, "percent_covered_display": "100", "missing_lines": 0, "excluded_lines": 0, "percent_statements_covered": 100.0, "percent_statements_covered_display": "100", "num_branches": 2, "num_partial_branches": 0, "covered_branches": 2, "missing_branches": 0, "percent_branches_covered": 100.0, "percent_branches_covered_display": "100"}, "missing_lines": [], "excluded_lines": [], "executed_branches": [[201, 202], [201, 207]], "missing_branches": []}, "is_test_mode": {"executed_lines": [219], "summary": {"covered_lines": 1, "num_statements": 1, "percent_covered": 100.0, "percent_covered_display": "100", "missing_lines": 0, "excluded_lines": 0, "percent_statements_covered": 100.0, "percent_statements_covered_display": "100", "num_branches": 0, "num_partial_branches": 0, "covered_branches": 0, "missing_branches": 0, "percent_branches_covered": 100.0, "percent_branches_covered_display": "100"}, "missing_lines": [], "excluded_lines": [], "executed_branches": [], "missing_branches": []}, "get_default_level": {"executed_lines": [231], "summary": {"covered_lines": 1, "num_statements": 1, "percent_covered": 100.0, "percent_covered_display": "100", "missing_lines": 0, "excluded_lines": 0, "percent_statements_covered": 100.0, "percent_statements_covered_display": "100", "num_branches": 0, "num_partial_branches": 0, "covered_branches": 0, "missing_branches": 0, "percent_branches_covered": 100.0, "percent_branches_covered_display": "100"}, "missing_lines": [], "excluded_lines": [], "executed_branches": [], "missing_branches": []}, "": {"executed_lines": [1, 7, 8, 9, 10, 11, 13, 16, 17, 18, 34, 35, 36, 37, 38, 39, 40, 41, 42, 43, 44, 46, 71, 72, 94, 95, 105, 106, 114, 115, 123, 144, 164, 165, 210, 222], "summary": {"covered_lines": 34, "num_statements": 34, "percent_covered": 100.0, "percent_covered_display": "100", "missing_lines": 0, "excluded_lines": 0, "percent_statements_covered": 100.0, "percent_statements_covered_display": "100", "num_branches": 0, "num_partial_branches": 0, "covered_branches": 0, "missing_branches": 0, "percent_branches_covered": 100.0, "percent_branches_covered_display": "100"}, "missing_lines": [], "excluded_lines": [], "executed_branches": [], "missing_branches": []}}, "classes": {"LoggingConfig": {"executed_lines": [49, 52, 53, 54, 55, 56, 59, 60, 61, 62, 68, 69, 81, 83, 84, 86, 87, 88, 89, 90, 91, 92, 101, 102, 103, 112, 121, 133, 134, 136, 137, 139, 140, 142, 150, 185, 200, 201, 202, 207], "summary": {"covered_lines": 40, "num_statements": 40, "percent_covered": 100.0, "percent_covered_display": "100", "missing_lines": 0, "excluded_lines": 0, "percent_statements_covered": 100.0, "percent_statements_covered_display": "100", "num_branches": 26, "num_partial_branches": 0, "covered_branches": 26, "missing_branches": 0, "percent_branches_covered": 100.0, "percent_branches_covered_display": "100"}, "missing_lines": [], "excluded_lines": [], "executed_branches": [[52, 53], [52, 59], [53, 54], [53, 59], [54, 55], [54, 56], [59, 60], [59, 68], [61, 62], [61, 68], [68, -46], [68, 69], [81, 83], [81, 91], [83, 84], [83, 86], [91, -71], [91, 92], [101, 102], [101, 103], [133, 134], [133, 142], [136, 137], [136, 140], [201, 202], [201, 207]], "missing_branches": []}, "": {"executed_lines": [1, 7, 8, 9, 10, 11, 13, 16, 17, 18, 34, 35, 36, 37, 38, 39, 40, 41, 42, 43, 44, 46, 71, 72, 94, 95, 105, 106, 114, 115, 123, 144, 164, 165, 210, 219, 222, 231], "summary": {"covered_lines": 36, "num_statements": 36, "percent_covered": 100.0, "percent_covered_display": "100", "missing_lines": 0, "excluded_lines": 0, "percent_statements_covered": 100.0, "percent_statements_covered_display": "100", "num_branches": 0, "num_partial_branches": 0, "covered_branches": 0, "missing_branches": 0, "percent_branches_covered": 100.0, "percent_branches_covered_display": "100"}, "missing_lines": [], "excluded_lines": [], "executed_branches": [], "missing_branches": []}}}, "src/arlogi/config_builder.py": {"executed_lines": [1, 8, 11, 12, 23, 25, 26, 27, 28, 29, 30, 31, 32, 33, 34, 35, 37, 49, 50, 52, 67, 68, 70, 88, 89, 90, 92, 101, 102, 104, 120, 121, 122, 124, 140, 141, 142, 143, 145, 158, 159, 160, 162, 174], "summary": {"covered_lines": 42, "num_statements": 42, "percent_covered": 100.0, "percent_covered_display": "100", "missing_lines": 0, "excluded_lines": 0, "percent_statements_covered": 100.0, "percent_statements_covered_display": "100", "num_branches": 0, "num_partial_branches": 0, "covered_branches": 0, "missing_branches": 0, "percent_branches_covered": 100.0, "percent_branches_covered_display": "100"}, "missing_lines": [], "excluded_lines": [], "executed_branches": [], "missing_branches": [], "functions": {"LoggingConfigBuilder.__init__": {"executed_lines": [25, 26, 27, 28, 29, 30, 31, 32, 33, 34, 35], "summary": {"covered_lines": 11, "num_statements": 11, "percent_covered": 100.0, "percent_covered_display": "100", "missing_lines": 0, "excluded_lines": 0, "percent_statements_covered": 100.0, "percent_statements_covered_display": "100", "num_branches": 0, "num_partial_branches": 0, "covered_branches": 0, "missing_branches": 0, "percent_branches_covered": 100.0, "percent_branches_covered_display": "100"}, "missing_lines": [], "excluded_lines": [], "executed_branches": [], "missing_branches": []}, "LoggingConfigBuilder.with_level": {"executed_lines": [49, 50], "summary": {"covered_lines": 2, "num_statements": 2, "percent_covered": 100.0, "percent_covered_display": "100", "missing_lines": 0, "excluded_lines": 0, "percent_statements_covered": 100.0, "percent_statements_covered_display": "100", "num_branches": 0, "num_partial_branches": 0, "covered_branches": 0, "missing_branches": 0, "percent_branches_covered": 100.0, "percent_branches_covered_display": "100"}, "missing_lines": [], "excluded_lines": [], "executed_branches": [], "missing_branches": []}, "LoggingConfigBuilder.with_module_levels": {"executed_lines": [67, 68], "summary": {"covered_lines": 2, "num_statements": 2, "percent_covered": 100.0, "percent_covered_display": "100", "missing_lines": 0, "excluded_lines": 0, "percent_statements_covered": 100.0, "percent_statements_covered_display": "100", "num_branches": 0, "num_partial_branches": 0, "covered_branches": 0, "missing_branches": 0, "percent_branches_covered": 100.0, "percent_branches_covered_display": "100"}, "missing_lines": [], "excluded_lines": [], "executed_branches": [], "missing_branches": []}, "LoggingConfigBuilder.with_json_file": {"executed_lines": [88, 89, 90], "summary": {"covered_lines": 3, "num_statements": 3, "percent_covered": 100.0, "percent_covered_display": "100", "missing_lines": 0, "excluded_lines": 0, "percent_statements_covered": 100.0, "percent_statements_covered_display": "100", "num_branches": 0, "num_partial_branches": 0, "covered_branches": 0, "missing_branches": 0, "percent_branches_covered": 100.0, "percent_branches_covered_display": "100"}, "missing_lines": [], "excluded_lines": [], "executed_branches": [], "missing_branches": []}, "LoggingConfigBuilder.with_json_console_only": {"executed_lines": [101, 102], "summary": {"covered_lines": 2, "num_statements": 2, "percent_covered": 100.0, "percent_covered_display": "100", "missing_lines": 0, "excluded_lines": 0, "percent_statements_covered": 100.0, "percent_statements_covered_display": "100", "num_branches": 0, "num_partial_branches": 0, "covered_branches": 0, "missing_branches": 0, "percent_branches_covered": 100.0, "percent_branches_covered_display": "100"}, "missing_lines": [], "excluded_lines": [], "executed_branches": [], "missing_branches": []}, "LoggingConfigBuilder.with_syslog": {"executed_lines": [120, 121, 122], "summary": {"covered_lines": 3, "num_statements": 3, "percent_covered": 100.0, "percent_covered_display": "100", "missing_lines": 0, "excluded_lines": 0, "percent_statements_covered": 100.0, "percent_statements_covered_display": "100", "num_branches": 0, "num_partial_branches": 0, "covered_branches": 0, "missing_branches": 0, "percent_branches_covered": 100.0, "percent_branches_covered_display": "100"}, "missing_lines": [], "excluded_lines": [], "executed_branches": [], "missing_branches": []}, "LoggingConfigBuilder.with_console_format": {"executed_lines": [140, 141, 142, 143], "summary": {"covered_lines": 4, "num_statements": 4, "percent_covered": 100.0, "percent_covered_display": "100", "missing_lines": 0, "excluded_lines": 0, "percent_statements_covered": 100.0, "percent_statements_covered_display": "100", "num_branches": 0, "num_partial_branches": 0, "covered_branches": 0, "missing_branches": 0, "percent_branches_covered": 100.0, "percent_branches_covered_display": "100"}, "missing_lines": [], "excluded_lines": [], "executed_branches": [], "missing_branches": []}, "LoggingConfigBuilder.with_rotation": {"executed_lines": [158, 159, 160], "summary": {"covered_lines": 3, "num_statements": 3, "percent_covered": 100.0, "percent_covered_display": "100", "missing_lines": 0, "excluded_lines": 0, "percent_statements_covered": 100.0, "percent_statements_covered_display": "100", "num_branches": 0, "num_partial_branches": 0, "covered_branches": 0, "missing_branches": 0, "percent_branches_covered": 100.0, "percent_branches_covered_display": "100"}, "missing_lines": [], "excluded_lines": [], "executed_branches": [], "missing_branches": []}, "LoggingConfigBuilder.build": {"executed_lines": [174], "summary": {"covered_lines": 1, "num_statements": 1, "percent_covered": 100.0, "percent_covered_display": "100", "missing_lines": 0, "excluded_lines": 0, "percent_statements_covered": 100.0, "percent_statements_covered_display": "100", "num_branches": 0, "num_partial_branches": 0, "covered_branches": 0, "missing_branches": 0, "percent_branches_covered": 100.0, "percent_branches_covered_display": "100"}, "missing_lines": [], "excluded_lines": [], "executed_branches": [], "missing_branches": []}, "": {"executed_lines": [1, 8, 11, 12, 23, 37, 52, 70, 92, 104, 124, 145, 162], "summary": {"covered_lines": 11, "num_statements": 11, "percent_covered": 100.0, "percent_covered_display": "100", "missing_lines": 0, "excluded_lines": 0, "percent_statements_covered": 100.0, "percent_statements_covered_display": "100", "num_branches": 0, "num_partial_branches": 0, "covered_branches": 0, "missing_branches": 0, "percent_branches_covered": 100.0, "percent_branches_covered_display": "100"}, "missing_lines": [], "excluded_lines": [], "executed_branches": [], "missing_branches": []}}, "classes": {"LoggingConfigBuilder": {"executed_lines": [25, 26, 27, 28, 29, 30, 31, 32, 33, 34, 35, 49, 50, 67, 68, 88, 89, 90, 101, 102, 120, 121, 122, 140, 141, 142, 143, 158, 159, 160, 174], "summary": {"covered_lines": 31, "num_statements": 31, "percent_covered": 100.0, "percent_covered_display": "100", "missing_lines": 0, "excluded_lines": 0, "percent_statements_covered": 100.0, "percent_statements_covered_display": "100", "num_branches": 0, "num_partial_branches": 0, "covered_branches": 0, "missing_branches": 0, "percent_branches_covered": 100.0, "percent_branches_covered_display": "100"}, "missing_lines": [], "excluded_lines": [], "executed_branches": [], "missing_branches": []}, "": {"executed_lines": [1, 8, 11, 12, 23, 37, 52, 70, 92, 104, 124, 145, 162], "summary": {"covered_lines": 11, "num_statements": 11, "percent_covered": 100.0, "percent_covered_display": "100", "missing_lines": 0, "excluded_lines": 0, "percent_statements_covered": 100.0, "percent_statements_covered_display": "100", "num_branches": 0, "num_partial_branches": 0, "covered_branches": 0, "missing_branches": 0, "percent_branches_covered": 100.0, "percent_branches_covered_display": "100"}, "missing_lines": [], "excluded_lines": [], "executed_branches": [], "missing_branches": []}}}, "src/arlogi/factory.py": {"executed_lines": [1, 8, 9, 11, 12, 13, 14, 15, 18, 19, 27, 36, 37, 45, 46, 47, 48, 49, 50, 52, 63, 65, 66, 67, 69, 70, 71, 77, 78, 79, 81, 83, 86, 87, 89, 90, 92, 93, 94, 97, 98, 101, 102, 103, 104, 106, 107, 108, 109, 110, 113, 114, 117, 125, 126, 127, 129, 131, 132, 134, 136, 137, 139, 141, 142, 144, 146, 147, 149, 151, 152, 154, 156, 157, 159, 161, 162, 165, 166, 172, 173, 175, 176, 208, 221, 223, 224, 230, 231, 233, 234, 236, 237, 239, 240, 242, 243, 245, 246, 252, 253, 255, 256, 262, 265, 266, 269, 270, 271, 273, 274, 280, 281, 282, 283, 284, 286, 288, 289, 295, 297, 298, 310, 311, 313, 314, 315, 317, 319, 320, 330, 331, 334, 335, 336, 338, 339, 341, 343, 344, 346, 347, 357, 358, 361, 362, 363, 365, 366, 367, 369, 370, 385, 386, 388, 389, 390, 392, 393, 404, 405, 407, 408, 409, 411, 412, 418, 419, 420, 426, 456, 471, 481, 484, 494, 497, 506, 507, 508, 510, 511, 512, 514, 517, 527, 530, 545, 548, 559], "summary": {"covered_lines": 186, "num_statements": 186, "percent_covered": 100.0, "percent_covered_display": "100", "missing_lines": 0, "excluded_lines": 0, "percent_statements_covered": 100.0, "percent_statements_covered_display": "100", "num_branches": 48, "num_partial_branches": 0, "covered_branches": 48, "missing_branches": 0, "percent_branches_covered": 100.0, "percent_branches_covered_display": "100"}, "missing_lines": [], "excluded_lines": [], "executed_branches": [[65, 66], [65, 97], [77, 78], [77, 83], [78, 79], [78, 81], [89, 90], [89, 92], [102, 103], [102, 106], [103, 102], [103, 104], [106, 107], [106, 113], [107, 108], [107, 109], [126, -117], [126, 127], [233, 234], [233, 236], [265, 266], [265, 269], [270, -255], [270, 271], [280, -273], [280, 281], [281, -273], [281, 282], [310, 311], [310, 313], [314, 315], [314, 317], [334, 335], [334, 338], [338, 339], [338, 341], [361, 362], [361, 365], [388, -369], [388, 389], [407, -392], [407, 408], [418, 419], [418, 420], [510, 511], [510, 514], [511, 510], [511, 512]], "missing_branches": [], "functions": {"TraceLogger._get_caller_info": {"executed_lines": [36, 37, 45, 46, 47, 48, 49, 50], "summary": {"covered_lines": 8, "num_statements": 8, "percent_covered": 100.0, "percent_covered_display": "100", "missing_lines": 0, "excluded_lines": 0, "percent_statements_covered": 100.0, "percent_statements_covered_display": "100", "num_branches": 0, "num_partial_branches": 0, "covered_branches": 0, "missing_branches": 0, "percent_branches_covered": 100.0, "percent_branches_covered_display": "100"}, "missing_lines": [], "excluded_lines": [], "executed_branches": [], "missing_branches": []}, "TraceLogger._process_params": {"executed_lines": [63, 65, 66, 67, 69, 70, 71, 77, 78, 79, 81, 83, 86, 87, 89, 90, 92, 93, 94, 97, 98, 101, 102, 103, 104, 106, 107, 108, 109, 110, 113, 114], "summary": {"covered_lines": 32, "num_statements": 32, "percent_covered": 100.0, "percent_covered_display": "100", "missing_lines": 0, "excluded_lines": 0, "percent_statements_covered": 100.0, "percent_statements_covered_display": "100", "num_branches": 16, "num_partial_branches": 0, "covered_branches": 16, "missing_branches": 0, "percent_branches_covered": 100.0, "percent_branches_covered_display": "100"}, "missing_lines": [], "excluded_lines": [], "executed_branches": [[65, 66], [65, 97], [77, 78], [77, 83], [78, 79], [78, 81], [89, 90], [89, 92], [102, 103], [102, 106], [103, 102], [103, 104], [106, 107], [106, 113], [107, 108], [107, 109]], "missing_branches": []}, "TraceLogger.trace": {"executed_lines": [125, 126, 127], "summary": {"covered_lines": 3, "num_statements": 3, "percent_covered": 100.0, "percent_covered_display": "100", "missing_lines": 0, "excluded_lines": 0, "percent_statements_covered": 100.0, "percent_statements_covered_display": "100", "num_branches": 2, "num_partial_branches": 0, "covered_branches": 2, "missing_branches": 0, "percent_branches_covered": 100.0, "percent_branches_covered_display": "100"}, "missing_lines": [], "excluded_lines": [], "executed_branches": [[126, -117], [126, 127]], "missing_branches": []}, "TraceLogger.debug": {"executed_lines": [131, 132], "summary": {"covered_lines": 2, "num_statements": 2, "percent_covered": 100.0, "percent_covered_display": "100", "missing_lines": 0, "excluded_lines": 0, "percent_statements_covered": 100.0, "percent_statements_covered_display": "100", "num_branches": 0, "num_partial_branches": 0, "covered_branches": 0, "missing_branches": 0, "percent_branches_covered": 100.0, "percent_branches_covered_display": "100"}, "missing_lines": [], "excluded_lines": [], "executed_branches": [], "missing_branches": []}, "TraceLogger.info": {"executed_lines": [136, 137], "summary": {"covered_lines": 2, "num_statements": 2, "percent_covered": 100.0, "percent_covered_display": "100", "missing_lines": 0, "excluded_lines": 0, "percent_statements_covered": 100.0, "percent_statements_covered_display": "100", "num_branches": 0, "num_partial_branches": 0, "covered_branches": 0, "missing_branches": 0, "percent_branches_covered": 100.0, "percent_branches_covered_display": "100"}, "missing_lines": [], "excluded_lines": [], "executed_branches": [], "missing_branches": []}, "TraceLogger.warning": {"executed_lines": [141, 142], "summary": {"covered_lines": 2, "num_statements": 2, "percent_covered": 100.0, "percent_covered_display": "100", "missing_lines": 0, "excluded_lines": 0, "percent_statements_covered": 100.0, "percent_statements_covered_display": "100", "num_branches": 0, "num_partial_branches": 0, "covered_branches": 0, "missing_branches": 0, "percent_branches_covered": 100.0, "percent_branches_covered_display": "100"}, "missing_lines": [], "excluded_lines": [], "executed_branches": [], "missing_branches": []}, "TraceLogger.error": {"executed_lines": [146, 147], "summary": {"covered_lines": 2, "num_statements": 2, "percent_covered": 100.0, "percent_covered_display": "100", "missing_lines": 0, "excluded_lines": 0, "percent_statements_covered": 100.0, "percent_statements_covered_display": "100", "num_branches": 0, "num_partial_branches": 0, "covered_branches": 0, "missing_branches": 0, "percent_branches_covered": 100.0, "percent_branches_covered_display": "100"}, "missing_lines": [], "excluded_lines": [], "executed_branches": [], "missing_branches": []}, "TraceLogger.critical": {"executed_lines": [151, 152], "summary": {"covered_lines": 2, "num_statements": 2, "percent_covered": 100.0, "percent_covered_display": "100", "missing_lines": 0, "excluded_lines": 0, "percent_statements_covered": 100.0, "percent_statements_covered_display": "100", "num_branches": 0, "num_partial_branches": 0, "covered_branches": 0, "missing_branches": 0, "percent_branches_covered": 100.0, "percent_branches_covered_display": "100"}, "missing_lines": [], "excluded_lines": [], "executed_branches": [], "missing_branches": []}, "TraceLogger.exception": {"executed_lines": [156, 157], "summary": {"covered_lines": 2, "num_statements": 2, "percent_covered": 100.0, "percent_covered_display": "100", "missing_lines": 0, "excluded_lines": 0, "percent_statements_covered": 100.0, "percent_statements_covered_display": "100", "num_branches": 0, "num_partial_branches": 0, "covered_branches": 0, "missing_branches": 0, "percent_branches_covered": 100.0, "percent_branches_covered_display": "100"}, "missing_lines": [], "excluded_lines": [], "executed_branches": [], "missing_branches": []}, "TraceLogger.log": {"executed_lines": [161, 162], "summary": {"covered_lines": 2, "num_statements": 2, "percent_covered": 100.0, "percent_covered_display": "100", "missing_lines": 0, "excluded_lines": 0, "percent_statements_covered": 100.0, "percent_statements_covered_display": "100", "num_branches": 0, "num_partial_branches": 0, "covered_branches": 0, "missing_branches": 0, "percent_branches_covered": 100.0, "percent_branches_covered_display": "100"}, "missing_lines": [], "excluded_lines": [], "executed_branches": [], "missing_branches": []}, "LoggerFactory.setup": {"executed_lines": [208, 221], "summary": {"covered_lines": 2, "num_statements": 2, "percent_covered": 100.0, "percent_covered_display": "100", "missing_lines": 0, "excluded_lines": 0, "percent_statements_covered": 100.0, "percent_statements_covered_display": "100", "num_branches": 0, "num_partial_branches": 0, "covered_branches": 0, "missing_branches": 0, "percent_branches_covered": 100.0, "percent_branches_covered_display": "100"}, "missing_lines": [], "excluded_lines": [], "executed_branches": [], "missing_branches": []}, "LoggerFactory._apply_configuration": {"executed_lines": [230, 231, 233, 234, 236, 237], "summary": {"covered_lines": 6, "num_statements": 6, "percent_covered": 100.0, "percent_covered_display": "100", "missing_lines": 0, "excluded_lines": 0, "percent_statements_covered": 100.0, "percent_statements_covered_display": "100", "num_branches": 2, "num_partial_branches": 0, "covered_branches": 2, "missing_branches": 0, "percent_branches_covered": 100.0, "percent_branches_covered_display": "100"}, "missing_lines": [], "excluded_lines": [], "executed_branches": [[233, 234], [233, 236]], "missing_branches": []}, "LoggerFactory._initialize_trace_level": {"executed_lines": [242, 243], "summary": {"covered_lines": 2, "num_statements": 2, "percent_covered": 100.0, "percent_covered_display": "100", "missing_lines": 0, "excluded_lines": 0, "percent_statements_covered": 100.0, "percent_statements_covered_display": "100", "num_branches": 0, "num_partial_branches": 0, "covered_branches": 0, "missing_branches": 0, "percent_branches_covered": 100.0, "percent_branches_covered_display": "100"}, "missing_lines": [], "excluded_lines": [], "executed_branches": [], "missing_branches": []}, "LoggerFactory._configure_root_logger": {"executed_lines": [252, 253], "summary": {"covered_lines": 2, "num_statements": 2, "percent_covered": 100.0, "percent_covered_display": "100", "missing_lines": 0, "excluded_lines": 0, "percent_statements_covered": 100.0, "percent_statements_covered_display": "100", "num_branches": 0, "num_partial_branches": 0, "covered_branches": 0, "missing_branches": 0, "percent_branches_covered": 100.0, "percent_branches_covered_display": "100"}, "missing_lines": [], "excluded_lines": [], "executed_branches": [], "missing_branches": []}, "LoggerFactory._clear_and_add_handlers": {"executed_lines": [262, 265, 266, 269, 270, 271], "summary": {"covered_lines": 6, "num_statements": 6, "percent_covered": 100.0, "percent_covered_display": "100", "missing_lines": 0, "excluded_lines": 0, "percent_statements_covered": 100.0, "percent_statements_covered_display": "100", "num_branches": 4, "num_partial_branches": 0, "covered_branches": 4, "missing_branches": 0, "percent_branches_covered": 100.0, "percent_branches_covered_display": "100"}, "missing_lines": [], "excluded_lines": [], "executed_branches": [[265, 266], [265, 269], [270, -255], [270, 271]], "missing_branches": []}, "LoggerFactory._configure_module_levels": {"executed_lines": [280, 281, 282, 283, 284, 286], "summary": {"covered_lines": 6, "num_statements": 6, "percent_covered": 100.0, "percent_covered_display": "100", "missing_lines": 0, "excluded_lines": 0, "percent_statements_covered": 100.0, "percent_statements_covered_display": "100", "num_branches": 4, "num_partial_branches": 0, "covered_branches": 4, "missing_branches": 0, "percent_branches_covered": 100.0, "percent_branches_covered_display": "100"}, "missing_lines": [], "excluded_lines": [], "executed_branches": [[280, -273], [280, 281], [281, -273], [281, 282]], "missing_branches": []}, "LoggerFactory.is_test_mode": {"executed_lines": [295], "summary": {"covered_lines": 1, "num_statements": 1, "percent_covered": 100.0, "percent_covered_display": "100", "missing_lines": 0, "excluded_lines": 0, "percent_statements_covered": 100.0, "percent_statements_covered_display": "100", "num_branches": 0, "num_partial_branches": 0, "covered_branches": 0, "missing_branches": 0, "percent_branches_covered": 100.0, "percent_branches_covered_display": "100"}, "missing_lines": [], "excluded_lines": [], "executed_branches": [], "missing_branches": []}, "LoggerFactory.get_logger": {"executed_lines": [310, 311, 313, 314, 315, 317], "summary": {"covered_lines": 6, "num_statements": 6, "percent_covered": 100.0, "percent_covered_display": "100", "missing_lines": 0, "excluded_lines": 0, "percent_statements_covered": 100.0, "percent_statements_covered_display": "100", "num_branches": 4, "num_partial_branches": 0, "covered_branches": 4, "missing_branches": 0, "percent_branches_covered": 100.0, "percent_branches_covered_display": "100"}, "missing_lines": [], "excluded_lines": [], "executed_branches": [[310, 311], [310, 313], [314, 315], [314, 317]], "missing_branches": []}, "LoggerFactory.get_json_logger": {"executed_lines": [330, 331, 334, 335, 336, 338, 339, 341, 343, 344], "summary": {"covered_lines": 10, "num_statements": 10, "percent_covered": 100.0, "percent_covered_display": "100", "missing_lines": 0, "excluded_lines": 0, "percent_statements_covered": 100.0, "percent_statements_covered_display": "100", "num_branches": 4, "num_partial_branches": 0, "covered_branches": 4, "missing_branches": 0, "percent_branches_covered": 100.0, "percent_branches_covered_display": "100"}, "missing_lines": [], "excluded_lines": [], "executed_branches": [[334, 335], [334, 338], [338, 339], [338, 341]], "missing_branches": []}, "LoggerFactory.get_syslog_logger": {"executed_lines": [357, 358, 361, 362, 363, 365, 366, 367], "summary": {"covered_lines": 8, "num_statements": 8, "percent_covered": 100.0, "percent_covered_display": "100", "missing_lines": 0, "excluded_lines": 0, "percent_statements_covered": 100.0, "percent_statements_covered_display": "100", "num_branches": 2, "num_partial_branches": 0, "covered_branches": 2, "missing_branches": 0, "percent_branches_covered": 100.0, "percent_branches_covered_display": "100"}, "missing_lines": [], "excluded_lines": [], "executed_branches": [[361, 362], [361, 365]], "missing_branches": []}, "LoggerFactory.cleanup_json_logger": {"executed_lines": [385, 386, 388, 389, 390], "summary": {"covered_lines": 5, "num_statements": 5, "percent_covered": 100.0, "percent_covered_display": "100", "missing_lines": 0, "excluded_lines": 0, "percent_statements_covered": 100.0, "percent_statements_covered_display": "100", "num_branches": 2, "num_partial_branches": 0, "covered_branches": 2, "missing_branches": 0, "percent_branches_covered": 100.0, "percent_branches_covered_display": "100"}, "missing_lines": [], "excluded_lines": [], "executed_branches": [[388, -369], [388, 389]], "missing_branches": []}, "LoggerFactory.cleanup_syslog_logger": {"executed_lines": [404, 405, 407, 408, 409], "summary": {"covered_lines": 5, "num_statements": 5, "percent_covered": 100.0, "percent_covered_display": "100", "missing_lines": 0, "excluded_lines": 0, "percent_statements_covered": 100.0, "percent_statements_covered_display": "100", "num_branches": 2, "num_partial_branches": 0, "covered_branches": 2, "missing_branches": 0, "percent_branches_covered": 100.0, "percent_branches_covered_display": "100"}, "missing_lines": [], "excluded_lines": [], "executed_branches": [[407, -392], [407, 408]], "missing_branches": []}, "LoggerFactory.get_global_logger": {"executed_lines": [418, 419, 420], "summary": {"covered_lines": 3, "num_statements": 3, "percent_covered": 100.0, "percent_covered_display": "100", "missing_lines": 0, "excluded_lines": 0, "percent_statements_covered": 100.0, "percent_statements_covered_display": "100", "num_branches": 2, "num_partial_branches": 0, "covered_branches": 2, "missing_branches": 0, "percent_branches_covered": 100.0, "percent_branches_covered_display": "100"}, "missing_lines": [], "excluded_lines": [], "executed_branches": [[418, 419], [418, 420]], "missing_branches": []}, "setup_logging": {"executed_lines": [456], "summary": {"covered_lines": 1, "num_statements": 1, "percent_covered": 100.0, "percent_covered_display": "100", "missing_lines": 0, "excluded_lines": 0, "percent_statements_covered": 100.0, "percent_statements_covered_display": "100", "num_branches": 0, "num_partial_branches": 0, "covered_branches": 0, "missing_branches": 0, "percent_branches_covered": 100.0, "percent_branches_covered_display": "100"}, "missing_lines": [], "excluded_lines": [], "executed_branches": [], "missing_branches": []}, "get_logger": {"executed_lines": [481], "summary": {"covered_lines": 1, "num_statements": 1, "percent_covered": 100.0, "percent_covered_display": "100", "missing_lines": 0, "excluded_lines": 0, "percent_statements_covered": 100.0, "percent_statements_covered_display": "100", "num_branches": 0, "num_partial_branches": 0, "covered_branches": 0, "missing_branches": 0, "percent_branches_covered": 100.0, "percent_branches_covered_display": "100"}, "missing_lines": [], "excluded_lines": [], "executed_branches": [], "missing_branches": []}, "get_json_logger": {"executed_lines": [494], "summary": {"covered_lines": 1, "num_statements": 1, "percent_covered": 100.0, "percent_covered_display": "100", "missing_lines": 0, "excluded_lines": 0, "percent_statements_covered": 100.0, "percent_statements_covered_display": "100", "num_branches": 0, "num_partial_branches": 0, "covered_branches": 0, "missing_branches": 0, "percent_branches_covered": 100.0, "percent_branches_covered_display": "100"}, "missing_lines": [], "excluded_lines": [], "executed_branches": [], "missing_branches": []}, "rotate_json_logger": {"executed_lines": [506, 507, 508, 510, 511, 512, 514], "summary": {"covered_lines": 7, "num_statements": 7, "percent_covered": 100.0, "percent_covered_display": "100", "missing_lines": 0, "excluded_lines": 0, "percent_statements_covered": 100.0, "percent_statements_covered_display": "100", "num_branches": 4, "num_partial_branches": 0, "covered_branches": 4, "missing_branches": 0, "percent_branches_covered": 100.0, "percent_branches_covered_display": "100"}, "missing_lines": [], "excluded_lines": [], "executed_branches": [[510, 511], [510, 514], [511, 510], [511, 512]], "missing_branches": []}, "get_syslog_logger": {"executed_lines": [527], "summary": {"covered_lines": 1, "num_statements": 1, "percent_covered": 100.0, "percent_covered_display": "100", "missing_lines": 0, "excluded_lines": 0, "percent_statements_covered": 100.0, "percent_statements_covered_display": "100", "num_branches": 0, "num_partial_branches": 0, "covered_branches": 0, "missing_branches": 0, "percent_branches_covered": 100.0, "percent_branches_covered_display": "100"}, "missing_lines": [], "excluded_lines": [], "executed_branches": [], "missing_branches": []}, "cleanup_json_logger": {"executed_lines": [545], "summary": {"covered_lines": 1, "num_statements": 1, "percent_covered": 100.0, "percent_covered_display": "100", "missing_lines": 0, "excluded_lines": 0, "percent_statements_covered": 100.0, "percent_statements_covered_display": "100", "num_branches": 0, "num_partial_branches": 0, "covered_branches": 0, "missing_branches": 0, "percent_branches_covered": 100.0, "percent_branches_covered_display": "100"}, "missing_lines": [], "excluded_lines": [], "executed_branches": [], "missing_branches": []}, "cleanup_syslog_logger": {"executed_lines": [559], "summary": {"covered_lines": 1, "num_statements": 1, "percent_covered": 100.0, "percent_covered_display": "100", "missing_lines": 0, "excluded_lines": 0, "percent_statements_covered": 100.0, "percent_statements_covered_display": "100", "num_branches": 0, "num_partial_branches": 0, "covered_branches": 0, "missing_branches": 0, "percent_branches_covered": 100.0, "percent_branches_covered_display": "100"}, "missing_lines": [], "excluded_lines": [], "executed_branches": [], "missing_branches": []}, "": {"executed_lines": [1, 8, 9, 11, 12, 13, 14, 15, 18, 19, 27, 52, 117, 129, 134, 139, 144, 149, 154, 159, 165, 166, 172, 173, 175, 176, 223, 224, 239, 240, 245, 246, 255, 256, 273, 274, 288, 289, 297, 298, 319, 320, 346, 347, 369, 370, 392, 393, 411, 412, 426, 471, 484, 497, 517, 530, 548], "summary": {"covered_lines": 54, "num_statements": 54, "percent_covered": 100.0, "percent_covered_display": "100", "missing_lines": 0, "excluded_lines": 0, "percent_statements_covered": 100.0, "percent_statements_covered_display": "100", "num_branches": 0, "num_partial_branches": 0, "covered_branches": 0, "missing_branches": 0, "percent_branches_covered": 100.0, "percent_branches_covered_display": "100"}, "missing_lines": [], "excluded_lines": [], "executed_branches": [], "missing_branches": []}}, "classes": {"TraceLogger": {"executed_lines": [36, 37, 45, 46, 47, 48, 49, 50, 63, 65, 66, 67, 69, 70, 71, 77, 78, 79, 81, 83, 86, 87, 89, 90, 92, 93, 94, 97, 98, 101, 102, 103, 104, 106, 107, 108, 109, 110, 113, 114, 125, 126, 127, 131, 132, 136, 137, 141, 142, 146, 147, 151, 152, 156, 157, 161, 162], "summary": {"covered_lines": 57, "num_statements": 57, "percent_covered": 100.0, "percent_covered_display": "100", "missing_lines": 0, "excluded_lines": 0, "percent_statements_covered": 100.0, "percent_statements_covered_display": "100", "num_branches": 18, "num_partial_branches": 0, "covered_branches": 18, "missing_branches": 0, "percent_branches_covered": 100.0, "percent_branches_covered_display": "100"}, "missing_lines": [], "excluded_lines": [], "executed_branches": [[65, 66], [65, 97], [77, 78], [77, 83], [78, 79], [78, 81], [89, 90], [89, 92], [102, 103], [102, 106], [103, 102], [103, 104], [106, 107], [106, 113], [107, 108], [107, 109], [126, -117], [126, 127]], "missing_branches": []}, "LoggerFactory": {"executed_lines": [208, 221, 230, 231, 233, 234, 236, 237, 242, 243, 252, 253, 262, 265, 266, 269, 270, 271, 280, 281, 282, 283, 284, 286, 295, 310, 311, 313, 314, 315, 317, 330, 331, 334, 335, 336, 338, 339, 341, 343, 344, 357, 358, 361, 362, 363, 365, 366, 367, 385, 386, 388, 389, 390, 404, 405, 407, 408, 409, 418, 419, 420], "summary": {"covered_lines": 62, "num_statements": 62, "percent_covered": 100.0, "percent_covered_display": "100", "missing_lines": 0, "excluded_lines": 0, "percent_statements_covered": 100.0, "percent_statements_covered_display": "100", "num_branches": 26, "num_partial_branches": 0, "covered_branches": 26, "missing_branches": 0, "percent_branches_covered": 100.0, "percent_branches_covered_display": "100"}, "missing_lines": [], "excluded_lines": [], "executed_branches": [[233, 234], [233, 236], [265, 266], [265, 269], [270, -255], [270, 271], [280, -273], [280, 281], [281, -273], [281, 282], [310, 311], [310, 313], [314, 315], [314, 317], [334, 335], [334, 338], [338, 339], [338, 341], [361, 362], [361, 365], [388, -369], [388, 389], [407, -392], [407, 408], [418, 419], [418, 420]], "missing_branches": []}, "": {"executed_lines": [1, 8, 9, 11, 12, 13, 14, 15, 18, 19, 27, 52, 117, 129, 134, 139, 144, 149, 154, 159, 165, 166, 172, 173, 175, 176, 223, 224, 239, 240, 245, 246, 255, 256, 273, 274, 288, 289, 297, 298, 319, 320, 346, 347, 369, 370, 392, 393, 411, 412, 426, 456, 471, 481, 484, 494, 497, 506, 507, 508, 510, 511, 512, 514, 517, 527, 530, 545, 548, 559], "summary": {"covered_lines": 67, "num_statements": 67, "percent_covered": 100.0, "percent_covered_display": "100", "missing_lines": 0, "excluded_lines": 0, "percent_statements_covered": 100.0, "percent_statements_covered_display": "100", "num_branches": 4, "num_partial_branches": 0, "covered_branches": 4, "missing_branches": 0, "percent_branches_covered": 100.0, "percent_branches_covered_display": "100"}, "missing_lines": [], "excluded_lines": [], "executed_branches": [[510, 511], [510, 514], [511, 510], [511, 512]], "missing_branches": []}}}, "src/arlogi/handler_factory.py": {"executed_lines": [1, 8, 10, 11, 19, 20, 26, 27, 39, 45, 46, 55, 57, 58, 74, 75, 77, 83, 84, 105, 106, 107, 109, 110, 123, 125, 126, 144, 147, 148, 151, 152, 153, 155, 158, 159, 161], "summary": {"covered_lines": 35, "num_statements": 35, "percent_covered": 100.0, "percent_covered_display": "100", "missing_lines": 0, "excluded_lines": 0, "percent_statements_covered": 100.0, "percent_statements_covered_display": "100", "num_branches": 12, "num_partial_branches": 0, "covered_branches": 12, "missing_branches": 0, "percent_branches_covered": 100.0, "percent_branches_covered_display": "100"}, "missing_lines": [], "excluded_lines": [], "executed_branches": [[74, 75], [74, 77], [105, 106], [105, 107], [147, 148], [147, 151], [151, 152], [151, 153], [153, 155], [153, 158], [158, 159], [158, 161]], "missing_branches": [], "functions": {"HandlerFactory.create_console": {"executed_lines": [39], "summary": {"covered_lines": 1, "num_statements": 1, "percent_covered": 100.0, "percent_covered_display": "100", "missing_lines": 0, "excluded_lines": 0, "percent_statements_covered": 100.0, "percent_statements_covered_display": "100", "num_branches": 0, "num_partial_branches": 0, "covered_branches": 0, "missing_branches": 0, "percent_branches_covered": 100.0, "percent_branches_covered_display": "100"}, "missing_lines": [], "excluded_lines": [], "executed_branches": [], "missing_branches": []}, "HandlerFactory.create_json_stream": {"executed_lines": [55], "summary": {"covered_lines": 1, "num_statements": 1, "percent_covered": 100.0, "percent_covered_display": "100", "missing_lines": 0, "excluded_lines": 0, "percent_statements_covered": 100.0, "percent_statements_covered_display": "100", "num_branches": 0, "num_partial_branches": 0, "covered_branches": 0, "missing_branches": 0, "percent_branches_covered": 100.0, "percent_branches_covered_display": "100"}, "missing_lines": [], "excluded_lines": [], "executed_branches": [], "missing_branches": []}, "HandlerFactory.create_json_file": {"executed_lines": [74, 75, 77], "summary": {"covered_lines": 3, "num_statements": 3, "percent_covered": 100.0, "percent_covered_display": "100", "missing_lines": 0, "excluded_lines": 0, "percent_statements_covered": 100.0, "percent_statements_covered_display": "100", "num_branches": 2, "num_partial_branches": 0, "covered_branches": 2, "missing_branches": 0, "percent_branches_covered": 100.0, "percent_branches_covered_display": "100"}, "missing_lines": [], "excluded_lines": [], "executed_branches": [[74, 75], [74, 77]], "missing_branches": []}, "HandlerFactory.create_json_handler": {"executed_lines": [105, 106, 107], "summary": {"covered_lines": 3, "num_statements": 3, "percent_covered": 100.0, "percent_covered_display": "100", "missing_lines": 0, "excluded_lines": 0, "percent_statements_covered": 100.0, "percent_statements_covered_display": "100", "num_branches": 2, "num_partial_branches": 0, "covered_branches": 2, "missing_branches": 0, "percent_branches_covered": 100.0, "percent_branches_covered_display": "100"}, "missing_lines": [], "excluded_lines": [], "executed_branches": [[105, 106], [105, 107]], "missing_branches": []}, "HandlerFactory.create_syslog": {"executed_lines": [123], "summary": {"covered_lines": 1, "num_statements": 1, "percent_covered": 100.0, "percent_covered_display": "100", "missing_lines": 0, "excluded_lines": 0, "percent_statements_covered": 100.0, "percent_statements_covered_display": "100", "num_branches": 0, "num_partial_branches": 0, "covered_branches": 0, "missing_branches": 0, "percent_branches_covered": 100.0, "percent_branches_covered_display": "100"}, "missing_lines": [], "excluded_lines": [], "executed_branches": [], "missing_branches": []}, "HandlerFactory.create_handlers": {"executed_lines": [144, 147, 148, 151, 152, 153, 155, 158, 159, 161], "summary": {"covered_lines": 10, "num_statements": 10, "percent_covered": 100.0, "percent_covered_display": "100", "missing_lines": 0, "excluded_lines": 0, "percent_statements_covered": 100.0, "percent_statements_covered_display": "100", "num_branches": 8, "num_partial_branches": 0, "covered_branches": 8, "missing_branches": 0, "percent_branches_covered": 100.0, "percent_branches_covered_display": "100"}, "missing_lines": [], "excluded_lines": [], "executed_branches": [[147, 148], [147, 151], [151, 152], [151, 153], [153, 155], [153, 158], [158, 159], [158, 161]], "missing_branches": []}, "": {"executed_lines": [1, 8, 10, 11, 19, 20, 26, 27, 45, 46, 57, 58, 83, 84, 109, 110, 125, 126], "summary": {"covered_lines": 16, "num_statements": 16, "percent_covered": 100.0, "percent_covered_display": "100", "missing_lines": 0, "excluded_lines": 0, "percent_statements_covered": 100.0, "percent_statements_covered_display": "100", "num_branches": 0, "num_partial_branches": 0, "covered_branches": 0, "missing_branches": 0, "percent_branches_covered": 100.0, "percent_branches_covered_display": "100"}, "missing_lines": [], "excluded_lines": [], "executed_branches": [], "missing_branches": []}}, "classes": {"HandlerFactory": {"executed_lines": [39, 55, 74, 75, 77, 105, 106, 107, 123, 144, 147, 148, 151, 152, 153, 155, 158, 159, 161], "summary": {"covered_lines": 19, "num_statements": 19, "percent_covered": 100.0, "percent_covered_display": "100", "missing_lines": 0, "excluded_lines": 0, "percent_statements_covered": 100.0, "percent_statements_covered_display": "100", "num_branches": 12, "num_partial_branches": 0, "covered_branches": 12, "missing_branches": 0, "percent_branches_covered": 100.0, "percent_branches_covered_display": "100"}, "missing_lines": [], "excluded_lines": [], "executed_branches": [[74, 75], [74, 77], [105, 106], [105, 107], [147, 148], [147, 151], [151, 152], [151, 153], [153, 155], [153, 158], [158, 159], [158, 161]], "missing_branches": []}, "": {"executed_lines": [1, 8, 10, 11, 19, 20, 26, 27, 45, 46, 57, 58, 83, 84, 109, 110, 125, 126], "summary": {"covered_lines": 16, "num_statements": 16, "percent_covered": 100.0, "percent_covered_display": "100", "missing_lines": 0, "excluded_lines": 0, "percent_statements_covered": 100.0, "percent_statements_covered_display": "100", "num_branches": 0, "num_partial_branches": 0, "covered_branches": 0, "missing_branches": 0, "percent_branches_covered": 100.0, "percent_branches_covered_display": "100"}, "missing_lines": [], "excluded_lines": [], "executed_branches": [], "missing_branches": []}}}, "src/arlogi/handlers.py": {"executed_lines": [1, 9, 10, 11, 12, 13, 14, 15, 16, 18, 19, 22, 23, 33, 35, 57, 65, 66, 69, 70, 73, 74, 76, 85, 88, 90, 102, 103, 105, 108, 121, 122, 123, 124, 125, 126, 129, 130, 132, 149, 152, 153, 154, 155, 157, 159, 160, 161, 163, 165, 175, 177, 186, 188, 190, 192, 194, 196, 206, 209, 210, 212, 213, 216, 217, 225, 238, 249, 253, 277, 278, 279, 282, 283, 284, 286, 300, 301, 308, 319, 320, 321, 323, 328, 330, 333, 335, 336, 339, 342, 343, 348, 374, 375, 376, 378, 379, 381, 384, 385, 387, 392, 394, 396, 397, 398, 399, 400, 402, 403, 404, 405, 407, 409, 410, 412, 414, 415, 417, 418, 419, 420, 421, 422, 425, 427, 428, 430, 431, 435, 436, 438, 439, 440, 441, 446, 448, 449, 451, 452, 455, 456, 457, 459, 461, 462, 464, 466, 468, 470, 471, 472, 473, 476, 478, 479, 480, 481, 483, 485, 486, 487, 488, 489, 491, 492, 493, 494, 495, 496, 499, 500, 501, 503, 504, 515, 517, 523, 524, 525, 527, 529, 531, 532, 533, 534, 535, 536, 537, 540, 541, 549, 562, 563, 564, 565, 567, 569, 570, 571, 574, 576], "summary": {"covered_lines": 196, "num_statements": 203, "percent_covered": 95.1310861423221, "percent_covered_display": "95", "missing_lines": 7, "excluded_lines": 0, "percent_statements_covered": 96.55172413793103, "percent_statements_covered_display": "97", "num_branches": 64, "num_partial_branches": 6, "covered_branches": 58, "missing_branches": 6, "percent_branches_covered": 90.625, "percent_branches_covered_display": "91"}, "missing_lines": [250, 423, 442, 444, 453, 454, 474], "excluded_lines": [], "executed_branches": [[65, 66], [65, 69], [69, 70], [69, 73], [102, 103], [102, 105], [121, 122], [121, 129], [122, 123], [122, 126], [123, 122], [123, 124], [249, 253], [277, 278], [277, 282], [278, 277], [278, 279], [333, 335], [333, 339], [335, 336], [335, 339], [375, 376], [396, 397], [396, 398], [398, 399], [398, 400], [400, 402], [400, 403], [403, 404], [403, 405], [414, 415], [414, 417], [421, 422], [427, 428], [427, 430], [435, 436], [435, 438], [439, -425], [439, 440], [448, 449], [448, 451], [452, 455], [455, 456], [455, 457], [461, -459], [461, 462], [470, 471], [470, 478], [471, 472], [471, 473], [473, 476], [478, 479], [478, 483], [487, 488], [533, 534], [533, 535], [567, 569], [567, 576]], "missing_branches": [[249, 250], [375, 378], [421, 423], [452, 453], [473, 474], [487, 491]], "functions": {"ColoredConsoleHandler.__init__": {"executed_lines": [57, 65, 66, 69, 70, 73, 74, 76, 85, 88], "summary": {"covered_lines": 10, "num_statements": 10, "percent_covered": 100.0, "percent_covered_display": "100", "missing_lines": 0, "excluded_lines": 0, "percent_statements_covered": 100.0, "percent_statements_covered_display": "100", "num_branches": 4, "num_partial_branches": 0, "covered_branches": 4, "missing_branches": 0, "percent_branches_covered": 100.0, "percent_branches_covered_display": "100"}, "missing_lines": [], "excluded_lines": [], "executed_branches": [[65, 66], [65, 69], [69, 70], [69, 73]], "missing_branches": []}, "ColoredConsoleHandler._find_project_root": {"executed_lines": [102, 103, 105, 108, 121, 122, 123, 124, 125, 126, 129, 130], "summary": {"covered_lines": 12, "num_statements": 12, "percent_covered": 100.0, "percent_covered_display": "100", "missing_lines": 0, "excluded_lines": 0, "percent_statements_covered": 100.0, "percent_statements_covered_display": "100", "num_branches": 8, "num_partial_branches": 0, "covered_branches": 8, "missing_branches": 0, "percent_branches_covered": 100.0, "percent_branches_covered_display": "100"}, "missing_lines": [], "excluded_lines": [], "executed_branches": [[102, 103], [102, 105], [121, 122], [121, 129], [122, 123], [122, 126], [123, 122], [123, 124]], "missing_branches": []}, "ColoredConsoleHandler.render": {"executed_lines": [149, 152, 153, 154, 155, 157, 159, 160, 161, 163, 165, 175], "summary": {"covered_lines": 12, "num_statements": 12, "percent_covered": 100.0, "percent_covered_display": "100", "missing_lines": 0, "excluded_lines": 0, "percent_statements_covered": 100.0, "percent_statements_covered_display": "100", "num_branches": 0, "num_partial_branches": 0, "covered_branches": 0, "missing_branches": 0, "percent_branches_covered": 100.0, "percent_branches_covered_display": "100"}, "missing_lines": [], "excluded_lines": [], "executed_branches": [], "missing_branches": []}, "ColoredConsoleHandler.get_level_text": {"executed_lines": [186, 188, 190, 192, 194], "summary": {"covered_lines": 5, "num_statements": 5, "percent_covered": 100.0, "percent_covered_display": "100", "missing_lines": 0, "excluded_lines": 0, "percent_statements_covered": 100.0, "percent_statements_covered_display": "100", "num_branches": 0, "num_partial_branches": 0, "covered_branches": 0, "missing_branches": 0, "percent_branches_covered": 100.0, "percent_branches_covered_display": "100"}, "missing_lines": [], "excluded_lines": [], "executed_branches": [], "missing_branches": []}, "ColoredConsoleHandler.render_message": {"executed_lines": [206, 209, 210, 212, 213], "summary": {"covered_lines": 5, "num_statements": 5, "percent_covered": 100.0, "percent_covered_display": "100", "missing_lines": 0, "excluded_lines": 0, "percent_statements_covered": 100.0, "percent_statements_covered_display": "100", "num_branches": 0, "num_partial_branches": 0, "covered_branches": 0, "missing_branches": 0, "percent_branches_covered": 100.0, "percent_branches_covered_display": "100"}, "missing_lines": [], "excluded_lines": [], "executed_branches": [], "missing_branches": []}, "JSONFormatter.format": {"executed_lines": [238, 249, 253, 277, 278, 279, 282, 283, 284, 286], "summary": {"covered_lines": 10, "num_statements": 11, "percent_covered": 88.23529411764706, "percent_covered_display": "88", "missing_lines": 1, "excluded_lines": 0, "percent_statements_covered": 90.9090909090909, "percent_statements_covered_display": "91", "num_branches": 6, "num_partial_branches": 1, "covered_branches": 5, "missing_branches": 1, "percent_branches_covered": 83.33333333333333, "percent_branches_covered_display": "83"}, "missing_lines": [250], "excluded_lines": [], "executed_branches": [[249, 253], [277, 278], [277, 282], [278, 277], [278, 279]], "missing_branches": [[249, 250]]}, "JSONHandler.__init__": {"executed_lines": [319, 320, 321], "summary": {"covered_lines": 3, "num_statements": 3, "percent_covered": 100.0, "percent_covered_display": "100", "missing_lines": 0, "excluded_lines": 0, "percent_statements_covered": 100.0, "percent_statements_covered_display": "100", "num_branches": 0, "num_partial_branches": 0, "covered_branches": 0, "missing_branches": 0, "percent_branches_covered": 100.0, "percent_branches_covered_display": "100"}, "missing_lines": [], "excluded_lines": [], "executed_branches": [], "missing_branches": []}, "JSONHandler.close": {"executed_lines": [328, 330, 333, 335, 336, 339], "summary": {"covered_lines": 6, "num_statements": 6, "percent_covered": 100.0, "percent_covered_display": "100", "missing_lines": 0, "excluded_lines": 0, "percent_statements_covered": 100.0, "percent_statements_covered_display": "100", "num_branches": 4, "num_partial_branches": 0, "covered_branches": 4, "missing_branches": 0, "percent_branches_covered": 100.0, "percent_branches_covered_display": "100"}, "missing_lines": [], "excluded_lines": [], "executed_branches": [[333, 335], [333, 339], [335, 336], [335, 339]], "missing_branches": []}, "JSONFileHandler.__init__": {"executed_lines": [374, 375, 376, 378, 379, 381, 384, 385], "summary": {"covered_lines": 8, "num_statements": 8, "percent_covered": 90.0, "percent_covered_display": "90", "missing_lines": 0, "excluded_lines": 0, "percent_statements_covered": 100.0, "percent_statements_covered_display": "100", "num_branches": 2, "num_partial_branches": 1, "covered_branches": 1, "missing_branches": 1, "percent_branches_covered": 50.0, "percent_branches_covered_display": "50"}, "missing_lines": [], "excluded_lines": [], "executed_branches": [[375, 376]], "missing_branches": [[375, 378]]}, "JSONFileHandler._now_local": {"executed_lines": [392], "summary": {"covered_lines": 1, "num_statements": 1, "percent_covered": 100.0, "percent_covered_display": "100", "missing_lines": 0, "excluded_lines": 0, "percent_statements_covered": 100.0, "percent_statements_covered_display": "100", "num_branches": 0, "num_partial_branches": 0, "covered_branches": 0, "missing_branches": 0, "percent_branches_covered": 100.0, "percent_branches_covered_display": "100"}, "missing_lines": [], "excluded_lines": [], "executed_branches": [], "missing_branches": []}, "JSONFileHandler._compute_period_key": {"executed_lines": [396, 397, 398, 399, 400, 402, 403, 404, 405], "summary": {"covered_lines": 9, "num_statements": 9, "percent_covered": 100.0, "percent_covered_display": "100", "missing_lines": 0, "excluded_lines": 0, "percent_statements_covered": 100.0, "percent_statements_covered_display": "100", "num_branches": 8, "num_partial_branches": 0, "covered_branches": 8, "missing_branches": 0, "percent_branches_covered": 100.0, "percent_branches_covered_display": "100"}, "missing_lines": [], "excluded_lines": [], "executed_branches": [[396, 397], [396, 398], [398, 399], [398, 400], [400, 402], [400, 403], [403, 404], [403, 405]], "missing_branches": []}, "JSONFileHandler._build_rotated_path": {"executed_lines": [409, 410], "summary": {"covered_lines": 2, "num_statements": 2, "percent_covered": 100.0, "percent_covered_display": "100", "missing_lines": 0, "excluded_lines": 0, "percent_statements_covered": 100.0, "percent_statements_covered_display": "100", "num_branches": 0, "num_partial_branches": 0, "covered_branches": 0, "missing_branches": 0, "percent_branches_covered": 100.0, "percent_branches_covered_display": "100"}, "missing_lines": [], "excluded_lines": [], "executed_branches": [], "missing_branches": []}, "JSONFileHandler._build_collision_safe_path": {"executed_lines": [414, 415, 417, 418, 419, 420, 421, 422], "summary": {"covered_lines": 8, "num_statements": 9, "percent_covered": 84.61538461538461, "percent_covered_display": "85", "missing_lines": 1, "excluded_lines": 0, "percent_statements_covered": 88.88888888888889, "percent_statements_covered_display": "89", "num_branches": 4, "num_partial_branches": 1, "covered_branches": 3, "missing_branches": 1, "percent_branches_covered": 75.0, "percent_branches_covered_display": "75"}, "missing_lines": [423], "excluded_lines": [], "executed_branches": [[414, 415], [414, 417], [421, 422]], "missing_branches": [[421, 423]]}, "JSONFileHandler._prune_rotated_files": {"executed_lines": [427, 428, 430, 431, 435, 436, 438, 439, 440, 441], "summary": {"covered_lines": 10, "num_statements": 12, "percent_covered": 88.88888888888889, "percent_covered_display": "89", "missing_lines": 2, "excluded_lines": 0, "percent_statements_covered": 83.33333333333333, "percent_statements_covered_display": "83", "num_branches": 6, "num_partial_branches": 0, "covered_branches": 6, "missing_branches": 0, "percent_branches_covered": 100.0, "percent_branches_covered_display": "100"}, "missing_lines": [442, 444], "excluded_lines": [], "executed_branches": [[427, 428], [427, 430], [435, 436], [435, 438], [439, -425], [439, 440]], "missing_branches": []}, "JSONFileHandler._rotation_key_for_emit": {"executed_lines": [448, 449, 451, 452, 455, 456, 457], "summary": {"covered_lines": 7, "num_statements": 9, "percent_covered": 80.0, "percent_covered_display": "80", "missing_lines": 2, "excluded_lines": 0, "percent_statements_covered": 77.77777777777777, "percent_statements_covered_display": "78", "num_branches": 6, "num_partial_branches": 1, "covered_branches": 5, "missing_branches": 1, "percent_branches_covered": 83.33333333333333, "percent_branches_covered_display": "83"}, "missing_lines": [453, 454], "excluded_lines": [], "executed_branches": [[448, 449], [448, 451], [452, 455], [455, 456], [455, 457]], "missing_branches": [[452, 453]]}, "JSONFileHandler._ensure_stream_open": {"executed_lines": [461, 462], "summary": {"covered_lines": 2, "num_statements": 2, "percent_covered": 100.0, "percent_covered_display": "100", "missing_lines": 0, "excluded_lines": 0, "percent_statements_covered": 100.0, "percent_statements_covered_display": "100", "num_branches": 2, "num_partial_branches": 0, "covered_branches": 2, "missing_branches": 0, "percent_branches_covered": 100.0, "percent_branches_covered_display": "100"}, "missing_lines": [], "excluded_lines": [], "executed_branches": [[461, -459], [461, 462]], "missing_branches": []}, "JSONFileHandler._has_rotatable_content": {"executed_lines": [466], "summary": {"covered_lines": 1, "num_statements": 1, "percent_covered": 100.0, "percent_covered_display": "100", "missing_lines": 0, "excluded_lines": 0, "percent_statements_covered": 100.0, "percent_statements_covered_display": "100", "num_branches": 0, "num_partial_branches": 0, "covered_branches": 0, "missing_branches": 0, "percent_branches_covered": 100.0, "percent_branches_covered_display": "100"}, "missing_lines": [], "excluded_lines": [], "executed_branches": [], "missing_branches": []}, "JSONFileHandler._rotate_now_locked": {"executed_lines": [470, 471, 472, 473, 476, 478, 479, 480, 481, 483, 485, 486, 487, 488, 489, 491, 492, 493, 494, 495, 496, 499, 500, 501, 503, 504, 515], "summary": {"covered_lines": 27, "num_statements": 28, "percent_covered": 92.10526315789474, "percent_covered_display": "92", "missing_lines": 1, "excluded_lines": 0, "percent_statements_covered": 96.42857142857143, "percent_statements_covered_display": "96", "num_branches": 10, "num_partial_branches": 2, "covered_branches": 8, "missing_branches": 2, "percent_branches_covered": 80.0, "percent_branches_covered_display": "80"}, "missing_lines": [474], "excluded_lines": [], "executed_branches": [[470, 471], [470, 478], [471, 472], [471, 473], [473, 476], [478, 479], [478, 483], [487, 488]], "missing_branches": [[473, 474], [487, 491]]}, "JSONFileHandler.rotate_now": {"executed_lines": [523, 524, 525, 527], "summary": {"covered_lines": 4, "num_statements": 4, "percent_covered": 100.0, "percent_covered_display": "100", "missing_lines": 0, "excluded_lines": 0, "percent_statements_covered": 100.0, "percent_statements_covered_display": "100", "num_branches": 0, "num_partial_branches": 0, "covered_branches": 0, "missing_branches": 0, "percent_branches_covered": 100.0, "percent_branches_covered_display": "100"}, "missing_lines": [], "excluded_lines": [], "executed_branches": [], "missing_branches": []}, "JSONFileHandler.emit": {"executed_lines": [531, 532, 533, 534, 535, 536, 537], "summary": {"covered_lines": 7, "num_statements": 7, "percent_covered": 100.0, "percent_covered_display": "100", "missing_lines": 0, "excluded_lines": 0, "percent_statements_covered": 100.0, "percent_statements_covered_display": "100", "num_branches": 2, "num_partial_branches": 0, "covered_branches": 2, "missing_branches": 0, "percent_branches_covered": 100.0, "percent_branches_covered_display": "100"}, "missing_lines": [], "excluded_lines": [], "executed_branches": [[533, 534], [533, 535]], "missing_branches": []}, "ArlogiSyslogHandler.__init__": {"executed_lines": [562, 563, 564, 565, 567, 569, 570, 571, 574, 576], "summary": {"covered_lines": 10, "num_statements": 10, "percent_covered": 100.0, "percent_covered_display": "100", "missing_lines": 0, "excluded_lines": 0, "percent_statements_covered": 100.0, "percent_statements_covered_display": "100", "num_branches": 2, "num_partial_branches": 0, "covered_branches": 2, "missing_branches": 0, "percent_branches_covered": 100.0, "percent_branches_covered_display": "100"}, "missing_lines": [], "excluded_lines": [], "executed_branches": [[567, 569], [567, 576]], "missing_branches": []}, "": {"executed_lines": [1, 9, 10, 11, 12, 13, 14, 15, 16, 18, 19, 22, 23, 33, 35, 90, 132, 177, 196, 216, 217, 225, 300, 301, 308, 323, 342, 343, 348, 387, 394, 407, 412, 425, 446, 459, 464, 468, 517, 529, 540, 541, 549], "summary": {"covered_lines": 37, "num_statements": 37, "percent_covered": 100.0, "percent_covered_display": "100", "missing_lines": 0, "excluded_lines": 0, "percent_statements_covered": 100.0, "percent_statements_covered_display": "100", "num_branches": 0, "num_partial_branches": 0, "covered_branches": 0, "missing_branches": 0, "percent_branches_covered": 100.0, "percent_branches_covered_display": "100"}, "missing_lines": [], "excluded_lines": [], "executed_branches": [], "missing_branches": []}}, "classes": {"ColoredConsoleHandler": {"executed_lines": [57, 65, 66, 69, 70, 73, 74, 76, 85, 88, 102, 103, 105, 108, 121, 122, 123, 124, 125, 126, 129, 130, 149, 152, 153, 154, 155, 157, 159, 160, 161, 163, 165, 175, 186, 188, 190, 192, 194, 206, 209, 210, 212, 213], "summary": {"covered_lines": 44, "num_statements": 44, "percent_covered": 100.0, "percent_covered_display": "100", "missing_lines": 0, "excluded_lines": 0, "percent_statements_covered": 100.0, "percent_statements_covered_display": "100", "num_branches": 12, "num_partial_branches": 0, "covered_branches": 12, "missing_branches": 0, "percent_branches_covered": 100.0, "percent_branches_covered_display": "100"}, "missing_lines": [], "excluded_lines": [], "executed_branches": [[65, 66], [65, 69], [69, 70], [69, 73], [102, 103], [102, 105], [121, 122], [121, 129], [122, 123], [122, 126], [123, 122], [123, 124]], "missing_branches": []}, "JSONFormatter": {"executed_lines": [238, 249, 253, 277, 278, 279, 282, 283, 284, 286], "summary": {"covered_lines": 10, "num_statements": 11, "percent_covered": 88.23529411764706, "percent_covered_display": "88", "missing_lines": 1, "excluded_lines": 0, "percent_statements_covered": 90.9090909090909, "percent_statements_covered_display": "91", "num_branches": 6, "num_partial_branches": 1, "covered_branches": 5, "missing_branches": 1, "percent_branches_covered": 83.33333333333333, "percent_branches_covered_display": "83"}, "missing_lines": [250], "excluded_lines": [], "executed_branches": [[249, 253], [277, 278], [277, 282], [278, 277], [278, 279]], "missing_branches": [[249, 250]]}, "JSONHandler": {"executed_lines": [319, 320, 321, 328, 330, 333, 335, 336, 339], "summary": {"covered_lines": 9, "num_statements": 9, "percent_covered": 100.0, "percent_covered_display": "100", "missing_lines": 0, "excluded_lines": 0, "percent_statements_covered": 100.0, "percent_statements_covered_display": "100", "num_branches": 4, "num_partial_branches": 0, "covered_branches": 4, "missing_branches": 0, "percent_branches_covered": 100.0, "percent_branches_covered_display": "100"}, "missing_lines": [], "excluded_lines": [], "executed_branches": [[333, 335], [333, 339], [335, 336], [335, 339]], "missing_branches": []}, "JSONFileHandler": {"executed_lines": [374, 375, 376, 378, 379, 381, 384, 385, 392, 396, 397, 398, 399, 400, 402, 403, 404, 405, 409, 410, 414, 415, 417, 418, 419, 420, 421, 422, 427, 428, 430, 431, 435, 436, 438, 439, 440, 441, 448, 449, 451, 452, 455, 456, 457, 461, 462, 466, 470, 471, 472, 473, 476, 478, 479, 480, 481, 483, 485, 486, 487, 488, 489, 491, 492, 493, 494, 495, 496, 499, 500, 501, 503, 504, 515, 523, 524, 525, 527, 531, 532, 533, 534, 535, 536, 537], "summary": {"covered_lines": 86, "num_statements": 92, "percent_covered": 91.66666666666667, "percent_covered_display": "92", "missing_lines": 6, "excluded_lines": 0, "percent_statements_covered": 93.47826086956522, "percent_statements_covered_display": "93", "num_branches": 40, "num_partial_branches": 5, "covered_branches": 35, "missing_branches": 5, "percent_branches_covered": 87.5, "percent_branches_covered_display": "88"}, "missing_lines": [423, 442, 444, 453, 454, 474], "excluded_lines": [], "executed_branches": [[375, 376], [396, 397], [396, 398], [398, 399], [398, 400], [400, 402], [400, 403], [403, 404], [403, 405], [414, 415], [414, 417], [421, 422], [427, 428], [427, 430], [435, 436], [435, 438], [439, -425], [439, 440], [448, 449], [448, 451], [452, 455], [455, 456], [455, 457], [461, -459], [461, 462], [470, 471], [470, 478], [471, 472], [471, 473], [473, 476], [478, 479], [478, 483], [487, 488], [533, 534], [533, 535]], "missing_branches": [[375, 378], [421, 423], [452, 453], [473, 474], [487, 491]]}, "ArlogiSyslogHandler": {"executed_lines": [562, 563, 564, 565, 567, 569, 570, 571, 574, 576], "summary": {"covered_lines": 10, "num_statements": 10, "percent_covered": 100.0, "percent_covered_display": "100", "missing_lines": 0, "excluded_lines": 0, "percent_statements_covered": 100.0, "percent_statements_covered_display": "100", "num_branches": 2, "num_partial_branches": 0, "covered_branches": 2, "missing_branches": 0, "percent_branches_covered": 100.0, "percent_branches_covered_display": "100"}, "missing_lines": [], "excluded_lines": [], "executed_branches": [[567, 569], [567, 576]], "missing_branches": []}, "": {"executed_lines": [1, 9, 10, 11, 12, 13, 14, 15, 16, 18, 19, 22, 23, 33, 35, 90, 132, 177, 196, 216, 217, 225, 300, 301, 308, 323, 342, 343, 348, 387, 394, 407, 412, 425, 446, 459, 464, 468, 517, 529, 540, 541, 549], "summary": {"covered_lines": 37, "num_statements": 37, "percent_covered": 100.0, "percent_covered_display": "100", "missing_lines": 0, "excluded_lines": 0, "percent_statements_covered": 100.0, "percent_statements_covered_display": "100", "num_branches": 0, "num_partial_branches": 0, "covered_branches": 0, "missing_branches": 0, "percent_branches_covered": 100.0, "percent_branches_covered_display": "100"}, "missing_lines": [], "excluded_lines": [], "executed_branches": [], "missing_branches": []}}}, "src/arlogi/levels.py": {"executed_lines": [1, 2, 3, 5, 6, 9, 10, 13, 25, 26, 29, 31, 32, 35, 36, 37, 40, 41, 43, 45, 46, 48, 49], "summary": {"covered_lines": 23, "num_statements": 23, "percent_covered": 100.0, "percent_covered_display": "100", "missing_lines": 0, "excluded_lines": 0, "percent_statements_covered": 100.0, "percent_statements_covered_display": "100", "num_branches": 8, "num_partial_branches": 0, "covered_branches": 8, "missing_branches": 0, "percent_branches_covered": 100.0, "percent_branches_covered_display": "100"}, "missing_lines": [], "excluded_lines": [], "executed_branches": [[25, 26], [25, 29], [31, 32], [31, 35], [35, 36], [35, 40], [45, -43], [45, 46]], "missing_branches": [], "functions": {"register_trace_level": {"executed_lines": [25, 26, 29, 31, 32, 35, 36, 37, 40, 41, 43, 48, 49], "summary": {"covered_lines": 13, "num_statements": 13, "percent_covered": 100.0, "percent_covered_display": "100", "missing_lines": 0, "excluded_lines": 0, "percent_statements_covered": 100.0, "percent_statements_covered_display": "100", "num_branches": 6, "num_partial_branches": 0, "covered_branches": 6, "missing_branches": 0, "percent_branches_covered": 100.0, "percent_branches_covered_display": "100"}, "missing_lines": [], "excluded_lines": [], "executed_branches": [[25, 26], [25, 29], [31, 32], [31, 35], [35, 36], [35, 40]], "missing_branches": []}, "register_trace_level.trace": {"executed_lines": [45, 46], "summary": {"covered_lines": 2, "num_statements": 2, "percent_covered": 100.0, "percent_covered_display": "100", "missing_lines": 0, "excluded_lines": 0, "percent_statements_covered": 100.0, "percent_statements_covered_display": "100", "num_branches": 2, "num_partial_branches": 0, "covered_branches": 2, "missing_branches": 0, "percent_branches_covered": 100.0, "percent_branches_covered_display": "100"}, "missing_lines": [], "excluded_lines": [], "executed_branches": [[45, -43], [45, 46]], "missing_branches": []}, "": {"executed_lines": [1, 2, 3, 5, 6, 9, 10, 13], "summary": {"covered_lines": 8, "num_statements": 8, "percent_covered": 100.0, "percent_covered_display": "100", "missing_lines": 0, "excluded_lines": 0, "percent_statements_covered": 100.0, "percent_statements_covered_display": "100", "num_branches": 0, "num_partial_branches": 0, "covered_branches": 0, "missing_branches": 0, "percent_branches_covered": 100.0, "percent_branches_covered_display": "100"}, "missing_lines": [], "excluded_lines": [], "executed_branches": [], "missing_branches": []}}, "classes": {"": {"executed_lines": [1, 2, 3, 5, 6, 9, 10, 13, 25, 26, 29, 31, 32, 35, 36, 37, 40, 41, 43, 45, 46, 48, 49], "summary": {"covered_lines": 23, "num_statements": 23, "percent_covered": 100.0, "percent_covered_display": "100", "missing_lines": 0, "excluded_lines": 0, "percent_statements_covered": 100.0, "percent_statements_covered_display": "100", "num_branches": 8, "num_partial_branches": 0, "covered_branches": 8, "missing_branches": 0, "percent_branches_covered": 100.0, "percent_branches_covered_display": "100"}, "missing_lines": [], "excluded_lines": [], "executed_branches": [[25, 26], [25, 29], [31, 32], [31, 35], [35, 36], [35, 40], [45, -43], [45, 46]], "missing_branches": []}}}, "src/arlogi/types.py": {"executed_lines": [1, 4, 5, 6, 8, 9, 10, 11, 12, 13, 14, 15, 16, 18, 19, 20, 22, 23], "summary": {"covered_lines": 3, "num_statements": 3, "percent_covered": 100.0, "percent_covered_display": "100", "missing_lines": 0, "excluded_lines": 18, "percent_statements_covered": 100.0, "percent_statements_covered_display": "100", "num_branches": 0, "num_partial_branches": 0, "covered_branches": 0, "missing_branches": 0, "percent_branches_covered": 100.0, "percent_branches_covered_display": "100"}, "missing_lines": [], "excluded_lines": [7, 8, 9, 10, 11, 12, 13, 14, 15, 16, 17, 18, 19, 20, 21, 22, 23, 24], "executed_branches": [], "missing_branches": [], "functions": {"LoggerProtocol.trace": {"executed_lines": [8], "summary": {"covered_lines": 0, "num_statements": 0, "percent_covered": 100.0, "percent_covered_display": "100", "missing_lines": 0, "excluded_lines": 1, "percent_statements_covered": 100.0, "percent_statements_covered_display": "100", "num_branches": 0, "num_partial_branches": 0, "covered_branches": 0, "missing_branches": 0, "percent_branches_covered": 100.0, "percent_branches_covered_display": "100"}, "missing_lines": [], "excluded_lines": [8], "executed_branches": [], "missing_branches": []}, "LoggerProtocol.debug": {"executed_lines": [9], "summary": {"covered_lines": 0, "num_statements": 0, "percent_covered": 100.0, "percent_covered_display": "100", "missing_lines": 0, "excluded_lines": 1, "percent_statements_covered": 100.0, "percent_statements_covered_display": "100", "num_branches": 0, "num_partial_branches": 0, "covered_branches": 0, "missing_branches": 0, "percent_branches_covered": 100.0, "percent_branches_covered_display": "100"}, "missing_lines": [], "excluded_lines": [9], "executed_branches": [], "missing_branches": []}, "LoggerProtocol.info": {"executed_lines": [10], "summary": {"covered_lines": 0, "num_statements": 0, "percent_covered": 100.0, "percent_covered_display": "100", "missing_lines": 0, "excluded_lines": 1, "percent_statements_covered": 100.0, "percent_statements_covered_display": "100", "num_branches": 0, "num_partial_branches": 0, "covered_branches": 0, "missing_branches": 0, "percent_branches_covered": 100.0, "percent_branches_covered_display": "100"}, "missing_lines": [], "excluded_lines": [10], "executed_branches": [], "missing_branches": []}, "LoggerProtocol.warning": {"executed_lines": [11], "summary": {"covered_lines": 0, "num_statements": 0, "percent_covered": 100.0, "percent_covered_display": "100", "missing_lines": 0, "excluded_lines": 1, "percent_statements_covered": 100.0, "percent_statements_covered_display": "100", "num_branches": 0, "num_partial_branches": 0, "covered_branches": 0, "missing_branches": 0, "percent_branches_covered": 100.0, "percent_branches_covered_display": "100"}, "missing_lines": [], "excluded_lines": [11], "executed_branches": [], "missing_branches": []}, "LoggerProtocol.error": {"executed_lines": [12], "summary": {"covered_lines": 0, "num_statements": 0, "percent_covered": 100.0, "percent_covered_display": "100", "missing_lines": 0, "excluded_lines": 1, "percent_statements_covered": 100.0, "percent_statements_covered_display": "100", "num_branches": 0, "num_partial_branches": 0, "covered_branches": 0, "missing_branches": 0, "percent_branches_covered": 100.0, "percent_branches_covered_display": "100"}, "missing_lines": [], "excluded_lines": [12], "executed_branches": [], "missing_branches": []}, "LoggerProtocol.critical": {"executed_lines": [13], "summary": {"covered_lines": 0, "num_statements": 0, "percent_covered": 100.0, "percent_covered_display": "100", "missing_lines": 0, "excluded_lines": 1, "percent_statements_covered": 100.0, "percent_statements_covered_display": "100", "num_branches": 0, "num_partial_branches": 0, "covered_branches": 0, "missing_branches": 0, "percent_branches_covered": 100.0, "percent_branches_covered_display": "100"}, "missing_lines": [], "excluded_lines": [13], "executed_branches": [], "missing_branches": []}, "LoggerProtocol.fatal": {"executed_lines": [14], "summary": {"covered_lines": 0, "num_statements": 0, "percent_covered": 100.0, "percent_covered_display": "100", "missing_lines": 0, "excluded_lines": 1, "percent_statements_covered": 100.0, "percent_statements_covered_display": "100", "num_branches": 0, "num_partial_branches": 0, "covered_branches": 0, "missing_branches": 0, "percent_branches_covered": 100.0, "percent_branches_covered_display": "100"}, "missing_lines": [], "excluded_lines": [14], "executed_branches": [], "missing_branches": []}, "LoggerProtocol.exception": {"executed_lines": [15], "summary": {"covered_lines": 0, "num_statements": 0, "percent_covered": 100.0, "percent_covered_display": "100", "missing_lines": 0, "excluded_lines": 1, "percent_statements_covered": 100.0, "percent_statements_covered_display": "100", "num_branches": 0, "num_partial_branches": 0, "covered_branches": 0, "missing_branches": 0, "percent_branches_covered": 100.0, "percent_branches_covered_display": "100"}, "missing_lines": [], "excluded_lines": [15], "executed_branches": [], "missing_branches": []}, "LoggerProtocol.log": {"executed_lines": [16], "summary": {"covered_lines": 0, "num_statements": 0, "percent_covered": 100.0, "percent_covered_display": "100", "missing_lines": 0, "excluded_lines": 1, "percent_statements_covered": 100.0, "percent_statements_covered_display": "100", "num_branches": 0, "num_partial_branches": 0, "covered_branches": 0, "missing_branches": 0, "percent_branches_covered": 100.0, "percent_branches_covered_display": "100"}, "missing_lines": [], "excluded_lines": [16], "executed_branches": [], "missing_branches": []}, "LoggerProtocol.setLevel": {"executed_lines": [18], "summary": {"covered_lines": 0, "num_statements": 0, "percent_covered": 100.0, "percent_covered_display": "100", "missing_lines": 0, "excluded_lines": 1, "percent_statements_covered": 100.0, "percent_statements_covered_display": "100", "num_branches": 0, "num_partial_branches": 0, "covered_branches": 0, "missing_branches": 0, "percent_branches_covered": 100.0, "percent_branches_covered_display": "100"}, "missing_lines": [], "excluded_lines": [18], "executed_branches": [], "missing_branches": []}, "LoggerProtocol.isEnabledFor": {"executed_lines": [19], "summary": {"covered_lines": 0, "num_statements": 0, "percent_covered": 100.0, "percent_covered_display": "100", "missing_lines": 0, "excluded_lines": 1, "percent_statements_covered": 100.0, "percent_statements_covered_display": "100", "num_branches": 0, "num_partial_branches": 0, "covered_branches": 0, "missing_branches": 0, "percent_branches_covered": 100.0, "percent_branches_covered_display": "100"}, "missing_lines": [], "excluded_lines": [19], "executed_branches": [], "missing_branches": []}, "LoggerProtocol.getEffectiveLevel": {"executed_lines": [20], "summary": {"covered_lines": 0, "num_statements": 0, "percent_covered": 100.0, "percent_covered_display": "100", "missing_lines": 0, "excluded_lines": 1, "percent_statements_covered": 100.0, "percent_statements_covered_display": "100", "num_branches": 0, "num_partial_branches": 0, "covered_branches": 0, "missing_branches": 0, "percent_branches_covered": 100.0, "percent_branches_covered_display": "100"}, "missing_lines": [], "excluded_lines": [20], "executed_branches": [], "missing_branches": []}, "LoggerProtocol.name": {"executed_lines": [23], "summary": {"covered_lines": 0, "num_statements": 0, "percent_covered": 100.0, "percent_covered_display": "100", "missing_lines": 0, "excluded_lines": 1, "percent_statements_covered": 100.0, "percent_statements_covered_display": "100", "num_branches": 0, "num_partial_branches": 0, "covered_branches": 0, "missing_branches": 0, "percent_branches_covered": 100.0, "percent_branches_covered_display": "100"}, "missing_lines": [], "excluded_lines": [23], "executed_branches": [], "missing_branches": []}, "": {"executed_lines": [1, 4, 5, 6, 22], "summary": {"covered_lines": 3, "num_statements": 3, "percent_covered": 100.0, "percent_covered_display": "100", "missing_lines": 0, "excluded_lines": 4, "percent_statements_covered": 100.0, "percent_statements_covered_display": "100", "num_branches": 0, "num_partial_branches": 0, "covered_branches": 0, "missing_branches": 0, "percent_branches_covered": 100.0, "percent_branches_covered_display": "100"}, "missing_lines": [], "excluded_lines": [7, 17, 21, 22], "executed_branches": [], "missing_branches": []}}, "classes": {"LoggerProtocol": {"executed_lines": [8, 9, 10, 11, 12, 13, 14, 15, 16, 18, 19, 20, 23], "summary": {"covered_lines": 0, "num_statements": 0, "percent_covered": 100.0, "percent_covered_display": "100", "missing_lines": 0, "excluded_lines": 13, "percent_statements_covered": 100.0, "percent_statements_covered_display": "100", "num_branches": 0, "num_partial_branches": 0, "covered_branches": 0, "missing_branches": 0, "percent_branches_covered": 100.0, "percent_branches_covered_display": "100"}, "missing_lines": [], "excluded_lines": [8, 9, 10, 11, 12, 13, 14, 15, 16, 18, 19, 20, 23], "executed_branches": [], "missing_branches": []}, "": {"executed_lines": [1, 4, 5, 6, 22], "summary": {"covered_lines": 3, "num_statements": 3, "percent_covered": 100.0, "percent_covered_display": "100", "missing_lines": 0, "excluded_lines": 4, "percent_statements_covered": 100.0, "percent_statements_covered_display": "100", "num_branches": 0, "num_partial_branches": 0, "covered_branches": 0, "missing_branches": 0, "percent_branches_covered": 100.0, "percent_branches_covered_display": "100"}, "missing_lines": [], "excluded_lines": [7, 17, 21, 22], "executed_branches": [], "missing_branches": []}}}}, "totals": {"covered_lines": 567, "num_statements": 574, "percent_covered": 98.22404371584699, "percent_covered_display": "98", "missing_lines": 7, "excluded_lines": 18, "percent_statements_covered": 98.78048780487805, "percent_statements_covered_display": "99", "num_branches": 158, "num_partial_branches": 6, "covered_branches": 152, "missing_branches": 6, "percent_branches_covered": 96.20253164556962, "percent_branches_covered_display": "96"}}